C:\Users\Steven\source\repos\SafeAutoKada\SafeAutoKada\ClientApp\dist\out-tsc\e2e\src\app.po.js
C:\Users\Steven\source\repos\SafeAutoKada\SafeAutoKada\ClientApp\dist\out-tsc\e2e\src\app.po.js.map
C:\Users\Steven\source\repos\SafeAutoKada\SafeAutoKada\ClientApp\dist\out-tsc\e2e\src\app.e2e-spec.js
C:\Users\Steven\source\repos\SafeAutoKada\SafeAutoKada\ClientApp\dist\out-tsc\e2e\src\app.e2e-spec.js.map
C:\Users\Steven\source\repos\SafeAutoKada\SafeAutoKada\ClientApp\dist\out-tsc\src\app\app.component.js
C:\Users\Steven\source\repos\SafeAutoKada\SafeAutoKada\ClientApp\dist\out-tsc\src\app\app.component.js.map
C:\Users\Steven\source\repos\SafeAutoKada\SafeAutoKada\ClientApp\dist\out-tsc\src\app\home\home.component.js
C:\Users\Steven\source\repos\SafeAutoKada\SafeAutoKada\ClientApp\dist\out-tsc\src\app\home\home.component.js.map
C:\Users\Steven\source\repos\SafeAutoKada\SafeAutoKada\ClientApp\dist\out-tsc\src\app\app.module.js
C:\Users\Steven\source\repos\SafeAutoKada\SafeAutoKada\ClientApp\dist\out-tsc\src\app\app.module.js.map
C:\Users\Steven\source\repos\SafeAutoKada\SafeAutoKada\ClientApp\dist\out-tsc\src\environments\environment.js
C:\Users\Steven\source\repos\SafeAutoKada\SafeAutoKada\ClientApp\dist\out-tsc\src\environments\environment.js.map
C:\Users\Steven\source\repos\SafeAutoKada\SafeAutoKada\ClientApp\dist\out-tsc\src\main.js
C:\Users\Steven\source\repos\SafeAutoKada\SafeAutoKada\ClientApp\dist\out-tsc\src\main.js.map
C:\Users\Steven\source\repos\SafeAutoKada\SafeAutoKada\ClientApp\dist\out-tsc\src\polyfills.js
C:\Users\Steven\source\repos\SafeAutoKada\SafeAutoKada\ClientApp\dist\out-tsc\src\polyfills.js.map
C:\Users\Steven\source\repos\SafeAutoKada\SafeAutoKada\ClientApp\dist\out-tsc\src\test.js
C:\Users\Steven\source\repos\SafeAutoKada\SafeAutoKada\ClientApp\dist\out-tsc\src\test.js.map
C:\Users\Steven\source\repos\SafeAutoKada\SafeAutoKada\ClientApp\dist\out-tsc\src\app\app.server.module.js
C:\Users\Steven\source\repos\SafeAutoKada\SafeAutoKada\ClientApp\dist\out-tsc\src\app\app.server.module.js.map
C:\Users\Steven\source\repos\SafeAutoKada\SafeAutoKada\ClientApp\dist\out-tsc\src\environments\environment.prod.js
C:\Users\Steven\source\repos\SafeAutoKada\SafeAutoKada\ClientApp\dist\out-tsc\src\environments\environment.prod.js.map
